<?xml version="1.0" encoding="UTF-8"?>
<robot generator="Robot 5.0.1 (Python 3.8.6 on win32)" generated="20220904 01:24:07.496" rpa="false" schemaversion="3">
<suite id="s1" name="Test Login Rf" source="C:\Users\Ros\Documents\GitHub\Ros_robotframework\test_login_rf.robot">
<test id="s1-t1" name="Valid Login" line="28">
<kw name="Open login page">
<kw name="Open Browser" library="SeleniumLibrary">
<arg>${LOGIN URL}</arg>
<arg>${BROWSER}</arg>
<doc>Opens a new browser instance to the optional ``url``.</doc>
<msg timestamp="20220904 01:24:07.652" level="INFO">Opening browser 'Chrome' to base url 'https://scouts-test.futbolkolektyw.pl/en'.</msg>
<status status="PASS" starttime="20220904 01:24:07.652" endtime="20220904 01:24:12.325"/>
</kw>
<kw name="Title Should Be" library="SeleniumLibrary">
<arg>Scouts panel - sign in</arg>
<doc>Verifies that the current page title equals ``title``.</doc>
<msg timestamp="20220904 01:24:12.332" level="INFO">Page title is 'Scouts panel - sign in'.</msg>
<status status="PASS" starttime="20220904 01:24:12.325" endtime="20220904 01:24:12.332"/>
</kw>
<status status="PASS" starttime="20220904 01:24:07.636" endtime="20220904 01:24:12.332"/>
</kw>
<kw name="Type in login">
<kw name="Input Text" library="SeleniumLibrary">
<arg>${EMAILINPUT}</arg>
<arg>user07@getnada.com</arg>
<doc>Types the given ``text`` into the text field identified by ``locator``.</doc>
<msg timestamp="20220904 01:24:12.334" level="INFO">Typing text 'user07@getnada.com' into text field 'xpath =//*[@id='login']'.</msg>
<status status="PASS" starttime="20220904 01:24:12.333" endtime="20220904 01:24:12.463"/>
</kw>
<status status="PASS" starttime="20220904 01:24:12.333" endtime="20220904 01:24:12.463"/>
</kw>
<kw name="Type in password">
<kw name="Input Text" library="SeleniumLibrary">
<arg>${PASSWORDINPUT}</arg>
<arg>Test-1234</arg>
<doc>Types the given ``text`` into the text field identified by ``locator``.</doc>
<msg timestamp="20220904 01:24:12.464" level="INFO">Typing text 'Test-1234' into text field 'xpath=//*[@id='password']'.</msg>
<status status="PASS" starttime="20220904 01:24:12.463" endtime="20220904 01:24:12.548"/>
</kw>
<status status="PASS" starttime="20220904 01:24:12.463" endtime="20220904 01:24:12.549"/>
</kw>
<kw name="Click on the Sign in button">
<kw name="Click Element" library="SeleniumLibrary">
<arg>${SIGNINBUTTON}</arg>
<doc>Click the element identified by ``locator``.</doc>
<msg timestamp="20220904 01:24:12.549" level="INFO">Clicking element 'xpath=//*[@id='__next']/form/div/div[2]/button/span[1]'.</msg>
<status status="PASS" starttime="20220904 01:24:12.549" endtime="20220904 01:24:12.588"/>
</kw>
<status status="PASS" starttime="20220904 01:24:12.549" endtime="20220904 01:24:12.588"/>
</kw>
<kw name="Assert dashboard">
<kw name="Wait Until Element Is Visible" library="SeleniumLibrary">
<arg>${PAGELOGO}</arg>
<doc>Waits until the element ``locator`` is visible.</doc>
<status status="PASS" starttime="20220904 01:24:12.588" endtime="20220904 01:24:13.034"/>
</kw>
<kw name="Title Should Be" library="SeleniumLibrary">
<arg>Scouts panel</arg>
<doc>Verifies that the current page title equals ``title``.</doc>
<msg timestamp="20220904 01:24:13.037" level="INFO">Page title is 'Scouts panel'.</msg>
<status status="PASS" starttime="20220904 01:24:13.034" endtime="20220904 01:24:13.037"/>
</kw>
<kw name="Capture Page Screenshot" library="SeleniumLibrary">
<arg>alert.png</arg>
<doc>Takes a screenshot of the current page and embeds it into a log file.</doc>
<msg timestamp="20220904 01:24:13.129" level="INFO" html="true">&lt;/td&gt;&lt;/tr&gt;&lt;tr&gt;&lt;td colspan="3"&gt;&lt;a href="alert.png"&gt;&lt;img src="alert.png" width="800px"&gt;&lt;/a&gt;</msg>
<status status="PASS" starttime="20220904 01:24:13.037" endtime="20220904 01:24:13.129"/>
</kw>
<status status="PASS" starttime="20220904 01:24:12.588" endtime="20220904 01:24:13.129"/>
</kw>
<kw name="Close Browser" library="SeleniumLibrary" type="TEARDOWN">
<doc>Closes the current browser.</doc>
<status status="PASS" starttime="20220904 01:24:13.130" endtime="20220904 01:24:15.590"/>
</kw>
<status status="PASS" starttime="20220904 01:24:07.636" endtime="20220904 01:24:15.590"/>
</test>
<test id="s1-t2" name="Incorrect Password" line="36">
<kw name="Open login page">
<kw name="Open Browser" library="SeleniumLibrary">
<arg>${LOGIN URL}</arg>
<arg>${BROWSER}</arg>
<doc>Opens a new browser instance to the optional ``url``.</doc>
<msg timestamp="20220904 01:24:15.590" level="INFO">Opening browser 'Chrome' to base url 'https://scouts-test.futbolkolektyw.pl/en'.</msg>
<status status="PASS" starttime="20220904 01:24:15.590" endtime="20220904 01:24:20.247"/>
</kw>
<kw name="Title Should Be" library="SeleniumLibrary">
<arg>Scouts panel - sign in</arg>
<doc>Verifies that the current page title equals ``title``.</doc>
<msg timestamp="20220904 01:24:20.250" level="INFO">Page title is 'Scouts panel - sign in'.</msg>
<status status="PASS" starttime="20220904 01:24:20.248" endtime="20220904 01:24:20.250"/>
</kw>
<status status="PASS" starttime="20220904 01:24:15.590" endtime="20220904 01:24:20.250"/>
</kw>
<kw name="Type in login">
<kw name="Input Text" library="SeleniumLibrary">
<arg>${EMAILINPUT}</arg>
<arg>user07@getnada.com</arg>
<doc>Types the given ``text`` into the text field identified by ``locator``.</doc>
<msg timestamp="20220904 01:24:20.251" level="INFO">Typing text 'user07@getnada.com' into text field 'xpath =//*[@id='login']'.</msg>
<status status="PASS" starttime="20220904 01:24:20.251" endtime="20220904 01:24:20.388"/>
</kw>
<status status="PASS" starttime="20220904 01:24:20.251" endtime="20220904 01:24:20.388"/>
</kw>
<kw name="Type incorrect password">
<kw name="Input Text" library="SeleniumLibrary">
<arg>${PASSWORDINPUT}</arg>
<arg>Test - 123</arg>
<doc>Types the given ``text`` into the text field identified by ``locator``.</doc>
<msg timestamp="20220904 01:24:20.389" level="INFO">Typing text 'Test - 123' into text field 'xpath=//*[@id='password']'.</msg>
<status status="PASS" starttime="20220904 01:24:20.389" endtime="20220904 01:24:20.481"/>
</kw>
<status status="PASS" starttime="20220904 01:24:20.388" endtime="20220904 01:24:20.481"/>
</kw>
<kw name="Click on the Sign in button">
<kw name="Click Element" library="SeleniumLibrary">
<arg>${SIGNINBUTTON}</arg>
<doc>Click the element identified by ``locator``.</doc>
<msg timestamp="20220904 01:24:20.483" level="INFO">Clicking element 'xpath=//*[@id='__next']/form/div/div[2]/button/span[1]'.</msg>
<status status="PASS" starttime="20220904 01:24:20.482" endtime="20220904 01:24:20.524"/>
</kw>
<status status="PASS" starttime="20220904 01:24:20.482" endtime="20220904 01:24:20.524"/>
</kw>
<kw name="Assert incorrect password message">
<kw name="Wait Until Element Is Visible" library="SeleniumLibrary">
<arg>${INCORRECTPASSWORDMESSAGE}</arg>
<doc>Waits until the element ``locator`` is visible.</doc>
<status status="PASS" starttime="20220904 01:24:20.525" endtime="20220904 01:24:20.970"/>
</kw>
<kw name="Element Text Should Be" library="SeleniumLibrary">
<arg>${INCORRECTPASSWORDMESSAGE}</arg>
<arg>Identifier or password invalid.</arg>
<doc>Verifies that element ``locator`` contains exact the text ``expected``.</doc>
<msg timestamp="20220904 01:24:20.971" level="INFO">Verifying element 'xpath=//*[@id="__next"]/form/div/div[1]/div[3]/span' contains exact text 'Identifier or password invalid.'.</msg>
<status status="PASS" starttime="20220904 01:24:20.970" endtime="20220904 01:24:20.993"/>
</kw>
<status status="PASS" starttime="20220904 01:24:20.525" endtime="20220904 01:24:20.993"/>
</kw>
<kw name="Close Browser" library="SeleniumLibrary" type="TEARDOWN">
<doc>Closes the current browser.</doc>
<status status="PASS" starttime="20220904 01:24:20.994" endtime="20220904 01:24:23.076"/>
</kw>
<status status="PASS" starttime="20220904 01:24:15.590" endtime="20220904 01:24:23.076"/>
</test>
<test id="s1-t3" name="Add New Player" line="44">
<kw name="Open login page">
<kw name="Open Browser" library="SeleniumLibrary">
<arg>${LOGIN URL}</arg>
<arg>${BROWSER}</arg>
<doc>Opens a new browser instance to the optional ``url``.</doc>
<msg timestamp="20220904 01:24:23.076" level="INFO">Opening browser 'Chrome' to base url 'https://scouts-test.futbolkolektyw.pl/en'.</msg>
<status status="PASS" starttime="20220904 01:24:23.076" endtime="20220904 01:24:27.480"/>
</kw>
<kw name="Title Should Be" library="SeleniumLibrary">
<arg>Scouts panel - sign in</arg>
<doc>Verifies that the current page title equals ``title``.</doc>
<msg timestamp="20220904 01:24:27.487" level="INFO">Page title is 'Scouts panel - sign in'.</msg>
<status status="PASS" starttime="20220904 01:24:27.480" endtime="20220904 01:24:27.487"/>
</kw>
<status status="PASS" starttime="20220904 01:24:23.076" endtime="20220904 01:24:27.487"/>
</kw>
<kw name="Type in login">
<kw name="Input Text" library="SeleniumLibrary">
<arg>${EMAILINPUT}</arg>
<arg>user07@getnada.com</arg>
<doc>Types the given ``text`` into the text field identified by ``locator``.</doc>
<msg timestamp="20220904 01:24:27.489" level="INFO">Typing text 'user07@getnada.com' into text field 'xpath =//*[@id='login']'.</msg>
<status status="PASS" starttime="20220904 01:24:27.488" endtime="20220904 01:24:27.623"/>
</kw>
<status status="PASS" starttime="20220904 01:24:27.488" endtime="20220904 01:24:27.623"/>
</kw>
<kw name="Type in password">
<kw name="Input Text" library="SeleniumLibrary">
<arg>${PASSWORDINPUT}</arg>
<arg>Test-1234</arg>
<doc>Types the given ``text`` into the text field identified by ``locator``.</doc>
<msg timestamp="20220904 01:24:27.625" level="INFO">Typing text 'Test-1234' into text field 'xpath=//*[@id='password']'.</msg>
<status status="PASS" starttime="20220904 01:24:27.624" endtime="20220904 01:24:27.714"/>
</kw>
<status status="PASS" starttime="20220904 01:24:27.624" endtime="20220904 01:24:27.714"/>
</kw>
<kw name="Click on the Sign in button">
<kw name="Click Element" library="SeleniumLibrary">
<arg>${SIGNINBUTTON}</arg>
<doc>Click the element identified by ``locator``.</doc>
<msg timestamp="20220904 01:24:27.716" level="INFO">Clicking element 'xpath=//*[@id='__next']/form/div/div[2]/button/span[1]'.</msg>
<status status="PASS" starttime="20220904 01:24:27.715" endtime="20220904 01:24:27.756"/>
</kw>
<status status="PASS" starttime="20220904 01:24:27.715" endtime="20220904 01:24:27.756"/>
</kw>
<kw name="Assert dashboard">
<kw name="Wait Until Element Is Visible" library="SeleniumLibrary">
<arg>${PAGELOGO}</arg>
<doc>Waits until the element ``locator`` is visible.</doc>
<status status="PASS" starttime="20220904 01:24:27.757" endtime="20220904 01:24:28.196"/>
</kw>
<kw name="Title Should Be" library="SeleniumLibrary">
<arg>Scouts panel</arg>
<doc>Verifies that the current page title equals ``title``.</doc>
<msg timestamp="20220904 01:24:28.201" level="INFO">Page title is 'Scouts panel'.</msg>
<status status="PASS" starttime="20220904 01:24:28.196" endtime="20220904 01:24:28.201"/>
</kw>
<kw name="Capture Page Screenshot" library="SeleniumLibrary">
<arg>alert.png</arg>
<doc>Takes a screenshot of the current page and embeds it into a log file.</doc>
<msg timestamp="20220904 01:24:28.295" level="INFO" html="true">&lt;/td&gt;&lt;/tr&gt;&lt;tr&gt;&lt;td colspan="3"&gt;&lt;a href="alert.png"&gt;&lt;img src="alert.png" width="800px"&gt;&lt;/a&gt;</msg>
<status status="PASS" starttime="20220904 01:24:28.201" endtime="20220904 01:24:28.295"/>
</kw>
<status status="PASS" starttime="20220904 01:24:27.757" endtime="20220904 01:24:28.295"/>
</kw>
<kw name="Click on Add Player">
<kw name="Click Element" library="SeleniumLibrary">
<arg>${ADDPLAYER}</arg>
<doc>Click the element identified by ``locator``.</doc>
<msg timestamp="20220904 01:24:28.297" level="INFO">Clicking element 'xpath=//*[@id="__next"]/div[1]/main/div[3]/div[2]/div/div/a/button/span[1]'.</msg>
<status status="PASS" starttime="20220904 01:24:28.297" endtime="20220904 01:24:28.340"/>
</kw>
<status status="PASS" starttime="20220904 01:24:28.296" endtime="20220904 01:24:28.340"/>
</kw>
<kw name="Type in name">
<kw name="Input Text" library="SeleniumLibrary">
<arg>${PLAYERNAME}</arg>
<arg>Zinedin</arg>
<doc>Types the given ``text`` into the text field identified by ``locator``.</doc>
<msg timestamp="20220904 01:24:28.342" level="INFO">Typing text 'Zinedin' into text field 'xpath=//input[@name='name']'.</msg>
<status status="PASS" starttime="20220904 01:24:28.341" endtime="20220904 01:24:28.506"/>
</kw>
<status status="PASS" starttime="20220904 01:24:28.341" endtime="20220904 01:24:28.506"/>
</kw>
<kw name="Type in surname">
<kw name="Input Text" library="SeleniumLibrary">
<arg>${PLAYERSURNAME}</arg>
<arg>Zidan</arg>
<doc>Types the given ``text`` into the text field identified by ``locator``.</doc>
<msg timestamp="20220904 01:24:28.507" level="INFO">Typing text 'Zidan' into text field 'xpath=//input[@name='surname']'.</msg>
<status status="PASS" starttime="20220904 01:24:28.507" endtime="20220904 01:24:28.590"/>
</kw>
<status status="PASS" starttime="20220904 01:24:28.507" endtime="20220904 01:24:28.590"/>
</kw>
<kw name="Select age">
<kw name="Input Text" library="SeleniumLibrary">
<arg>${PLAYERAGE}</arg>
<arg>23/06/1972</arg>
<doc>Types the given ``text`` into the text field identified by ``locator``.</doc>
<msg timestamp="20220904 01:24:28.591" level="INFO">Typing text '23/06/1972' into text field 'xpath=//input[@name='age']'.</msg>
<status status="PASS" starttime="20220904 01:24:28.591" endtime="20220904 01:24:28.671"/>
</kw>
<status status="PASS" starttime="20220904 01:24:28.590" endtime="20220904 01:24:28.672"/>
</kw>
<kw name="Select right leg">
<kw name="Click Element" library="SeleniumLibrary">
<arg>${PLAYERLEG}</arg>
<doc>Click the element identified by ``locator``.</doc>
<msg timestamp="20220904 01:24:28.673" level="INFO">Clicking element 'xpath=//*[@id='mui-component-select-leg']'.</msg>
<status status="PASS" starttime="20220904 01:24:28.673" endtime="20220904 01:24:28.723"/>
</kw>
<kw name="Click Element" library="SeleniumLibrary">
<arg>${PLAYERRIGHTLEG}</arg>
<doc>Click the element identified by ``locator``.</doc>
<msg timestamp="20220904 01:24:28.724" level="INFO">Clicking element 'xpath=//li[@data-value='right']'.</msg>
<status status="PASS" starttime="20220904 01:24:28.723" endtime="20220904 01:24:28.776"/>
</kw>
<status status="PASS" starttime="20220904 01:24:28.672" endtime="20220904 01:24:28.776"/>
</kw>
<kw name="Type in main position">
<kw name="Input Text" library="SeleniumLibrary">
<arg>${PLAYERMAINPOSITION}</arg>
<arg>Midfielder</arg>
<doc>Types the given ``text`` into the text field identified by ``locator``.</doc>
<msg timestamp="20220904 01:24:28.777" level="INFO">Typing text 'Midfielder' into text field 'xpath=//input[@name='mainPosition']'.</msg>
<status status="PASS" starttime="20220904 01:24:28.777" endtime="20220904 01:24:28.872"/>
</kw>
<status status="PASS" starttime="20220904 01:24:28.776" endtime="20220904 01:24:28.872"/>
</kw>
<kw name="Click on the Clear button">
<kw name="Click Element" library="SeleniumLibrary">
<arg>${CLEARALL}</arg>
<doc>Click the element identified by ``locator``.</doc>
<msg timestamp="20220904 01:24:28.873" level="INFO">Clicking element 'xpath=//*[@id="__next"]/div[1]/main/div[2]/form/div[3]/button[2]/span[1]'.</msg>
<status status="PASS" starttime="20220904 01:24:28.873" endtime="20220904 01:24:29.048"/>
</kw>
<status status="PASS" starttime="20220904 01:24:28.873" endtime="20220904 01:24:29.049"/>
</kw>
<kw name="Close Browser" library="SeleniumLibrary" type="TEARDOWN">
<doc>Closes the current browser.</doc>
<status status="PASS" starttime="20220904 01:24:29.049" endtime="20220904 01:24:31.132"/>
</kw>
<status status="PASS" starttime="20220904 01:24:23.076" endtime="20220904 01:24:31.132"/>
</test>
<test id="s1-t4" name="Switch Languages" line="59">
<kw name="Open login page">
<kw name="Open Browser" library="SeleniumLibrary">
<arg>${LOGIN URL}</arg>
<arg>${BROWSER}</arg>
<doc>Opens a new browser instance to the optional ``url``.</doc>
<msg timestamp="20220904 01:24:31.132" level="INFO">Opening browser 'Chrome' to base url 'https://scouts-test.futbolkolektyw.pl/en'.</msg>
<status status="PASS" starttime="20220904 01:24:31.132" endtime="20220904 01:24:35.605"/>
</kw>
<kw name="Title Should Be" library="SeleniumLibrary">
<arg>Scouts panel - sign in</arg>
<doc>Verifies that the current page title equals ``title``.</doc>
<msg timestamp="20220904 01:24:35.614" level="INFO">Page title is 'Scouts panel - sign in'.</msg>
<status status="PASS" starttime="20220904 01:24:35.605" endtime="20220904 01:24:35.614"/>
</kw>
<status status="PASS" starttime="20220904 01:24:31.132" endtime="20220904 01:24:35.614"/>
</kw>
<kw name="Click on the language button">
<kw name="Click Element" library="SeleniumLibrary">
<arg>${LANGUAGEBUTTON}</arg>
<doc>Click the element identified by ``locator``.</doc>
<msg timestamp="20220904 01:24:35.615" level="INFO">Clicking element 'xpath=// *[ @ id = "__next"] / form / div / div[2] / div / div'.</msg>
<status status="PASS" starttime="20220904 01:24:35.615" endtime="20220904 01:24:35.660"/>
</kw>
<status status="PASS" starttime="20220904 01:24:35.614" endtime="20220904 01:24:35.660"/>
</kw>
<kw name="Close Browser" library="SeleniumLibrary" type="TEARDOWN">
<doc>Closes the current browser.</doc>
<status status="PASS" starttime="20220904 01:24:35.661" endtime="20220904 01:24:37.747"/>
</kw>
<status status="PASS" starttime="20220904 01:24:31.132" endtime="20220904 01:24:37.747"/>
</test>
<test id="s1-t5" name="Displaing Information" line="64">
<kw name="Open login page">
<kw name="Open Browser" library="SeleniumLibrary">
<arg>${LOGIN URL}</arg>
<arg>${BROWSER}</arg>
<doc>Opens a new browser instance to the optional ``url``.</doc>
<msg timestamp="20220904 01:24:37.747" level="INFO">Opening browser 'Chrome' to base url 'https://scouts-test.futbolkolektyw.pl/en'.</msg>
<status status="PASS" starttime="20220904 01:24:37.747" endtime="20220904 01:24:42.229"/>
</kw>
<kw name="Title Should Be" library="SeleniumLibrary">
<arg>Scouts panel - sign in</arg>
<doc>Verifies that the current page title equals ``title``.</doc>
<msg timestamp="20220904 01:24:42.237" level="INFO">Page title is 'Scouts panel - sign in'.</msg>
<status status="PASS" starttime="20220904 01:24:42.229" endtime="20220904 01:24:42.237"/>
</kw>
<status status="PASS" starttime="20220904 01:24:37.747" endtime="20220904 01:24:42.237"/>
</kw>
<kw name="Type in login">
<kw name="Input Text" library="SeleniumLibrary">
<arg>${EMAILINPUT}</arg>
<arg>user07@getnada.com</arg>
<doc>Types the given ``text`` into the text field identified by ``locator``.</doc>
<msg timestamp="20220904 01:24:42.238" level="INFO">Typing text 'user07@getnada.com' into text field 'xpath =//*[@id='login']'.</msg>
<status status="PASS" starttime="20220904 01:24:42.238" endtime="20220904 01:24:42.371"/>
</kw>
<status status="PASS" starttime="20220904 01:24:42.238" endtime="20220904 01:24:42.371"/>
</kw>
<kw name="Type in password">
<kw name="Input Text" library="SeleniumLibrary">
<arg>${PASSWORDINPUT}</arg>
<arg>Test-1234</arg>
<doc>Types the given ``text`` into the text field identified by ``locator``.</doc>
<msg timestamp="20220904 01:24:42.372" level="INFO">Typing text 'Test-1234' into text field 'xpath=//*[@id='password']'.</msg>
<status status="PASS" starttime="20220904 01:24:42.372" endtime="20220904 01:24:42.460"/>
</kw>
<status status="PASS" starttime="20220904 01:24:42.372" endtime="20220904 01:24:42.461"/>
</kw>
<kw name="Click on the Sign in button">
<kw name="Click Element" library="SeleniumLibrary">
<arg>${SIGNINBUTTON}</arg>
<doc>Click the element identified by ``locator``.</doc>
<msg timestamp="20220904 01:24:42.462" level="INFO">Clicking element 'xpath=//*[@id='__next']/form/div/div[2]/button/span[1]'.</msg>
<status status="PASS" starttime="20220904 01:24:42.461" endtime="20220904 01:24:42.505"/>
</kw>
<status status="PASS" starttime="20220904 01:24:42.461" endtime="20220904 01:24:42.505"/>
</kw>
<kw name="Assert dashboard">
<kw name="Wait Until Element Is Visible" library="SeleniumLibrary">
<arg>${PAGELOGO}</arg>
<doc>Waits until the element ``locator`` is visible.</doc>
<status status="PASS" starttime="20220904 01:24:42.506" endtime="20220904 01:24:43.167"/>
</kw>
<kw name="Title Should Be" library="SeleniumLibrary">
<arg>Scouts panel</arg>
<doc>Verifies that the current page title equals ``title``.</doc>
<msg timestamp="20220904 01:24:43.170" level="INFO">Page title is 'Scouts panel'.</msg>
<status status="PASS" starttime="20220904 01:24:43.167" endtime="20220904 01:24:43.170"/>
</kw>
<kw name="Capture Page Screenshot" library="SeleniumLibrary">
<arg>alert.png</arg>
<doc>Takes a screenshot of the current page and embeds it into a log file.</doc>
<msg timestamp="20220904 01:24:43.284" level="INFO" html="true">&lt;/td&gt;&lt;/tr&gt;&lt;tr&gt;&lt;td colspan="3"&gt;&lt;a href="alert.png"&gt;&lt;img src="alert.png" width="800px"&gt;&lt;/a&gt;</msg>
<status status="PASS" starttime="20220904 01:24:43.170" endtime="20220904 01:24:43.284"/>
</kw>
<status status="PASS" starttime="20220904 01:24:42.505" endtime="20220904 01:24:43.284"/>
</kw>
<kw name="Click on the players count element">
<kw name="Click Element" library="SeleniumLibrary">
<arg>${PLAYERSCOUNTELEMENT}</arg>
<doc>Click the element identified by ``locator``.</doc>
<msg timestamp="20220904 01:24:43.285" level="INFO">Clicking element 'xpath =// *[ @ id = "__next"] / div[1] / main / div[2] / div[1] / div / div[1]'.</msg>
<status status="PASS" starttime="20220904 01:24:43.285" endtime="20220904 01:24:43.322"/>
</kw>
<status status="PASS" starttime="20220904 01:24:43.284" endtime="20220904 01:24:43.322"/>
</kw>
<kw name="Close Browser" library="SeleniumLibrary" type="TEARDOWN">
<doc>Closes the current browser.</doc>
<status status="PASS" starttime="20220904 01:24:43.322" endtime="20220904 01:24:45.431"/>
</kw>
<status status="PASS" starttime="20220904 01:24:37.747" endtime="20220904 01:24:45.431"/>
</test>
<doc>Suite description</doc>
<status status="PASS" starttime="20220904 01:24:07.496" endtime="20220904 01:24:45.431"/>
</suite>
<statistics>
<total>
<stat pass="5" fail="0" skip="0">All Tests</stat>
</total>
<tag>
</tag>
<suite>
<stat pass="5" fail="0" skip="0" id="s1" name="Test Login Rf">Test Login Rf</stat>
</suite>
</statistics>
<errors>
<msg timestamp="20220904 01:24:07.496" level="ERROR">Error in file 'C:\Users\Ros\Documents\GitHub\Ros_robotframework\test_login_rf.robot' on line 110: Creating keyword 'Click on the Submit button' failed: Keyword with same name defined multiple times.</msg>
</errors>
</robot>
