<?xml version="1.0" encoding="UTF-8"?>
<robot generator="Robot 5.0.1 (Python 3.8.6 on win32)" generated="20220904 01:26:37.770" rpa="false" schemaversion="3">
<suite id="s1" name="Test Login Rf" source="C:\Users\Ros\Documents\GitHub\Ros_robotframework\test_login_rf.robot">
<test id="s1-t1" name="Valid Login" line="27">
<kw name="Open login page">
<kw name="Open Browser" library="SeleniumLibrary">
<arg>${LOGIN URL}</arg>
<arg>${BROWSER}</arg>
<doc>Opens a new browser instance to the optional ``url``.</doc>
<msg timestamp="20220904 01:26:37.926" level="INFO">Opening browser 'Chrome' to base url 'https://scouts-test.futbolkolektyw.pl/en'.</msg>
<status status="PASS" starttime="20220904 01:26:37.926" endtime="20220904 01:26:42.157"/>
</kw>
<kw name="Title Should Be" library="SeleniumLibrary">
<arg>Scouts panel - sign in</arg>
<doc>Verifies that the current page title equals ``title``.</doc>
<msg timestamp="20220904 01:26:42.162" level="INFO">Page title is 'Scouts panel - sign in'.</msg>
<status status="PASS" starttime="20220904 01:26:42.158" endtime="20220904 01:26:42.162"/>
</kw>
<status status="PASS" starttime="20220904 01:26:37.926" endtime="20220904 01:26:42.162"/>
</kw>
<kw name="Type in login">
<kw name="Input Text" library="SeleniumLibrary">
<arg>${EMAILINPUT}</arg>
<arg>user07@getnada.com</arg>
<doc>Types the given ``text`` into the text field identified by ``locator``.</doc>
<msg timestamp="20220904 01:26:42.163" level="INFO">Typing text 'user07@getnada.com' into text field 'xpath =//*[@id='login']'.</msg>
<status status="PASS" starttime="20220904 01:26:42.162" endtime="20220904 01:26:42.298"/>
</kw>
<status status="PASS" starttime="20220904 01:26:42.162" endtime="20220904 01:26:42.298"/>
</kw>
<kw name="Type in password">
<kw name="Input Text" library="SeleniumLibrary">
<arg>${PASSWORDINPUT}</arg>
<arg>Test-1234</arg>
<doc>Types the given ``text`` into the text field identified by ``locator``.</doc>
<msg timestamp="20220904 01:26:42.299" level="INFO">Typing text 'Test-1234' into text field 'xpath=//*[@id='password']'.</msg>
<status status="PASS" starttime="20220904 01:26:42.299" endtime="20220904 01:26:42.389"/>
</kw>
<status status="PASS" starttime="20220904 01:26:42.299" endtime="20220904 01:26:42.389"/>
</kw>
<kw name="Click on the Sign in button">
<kw name="Click Element" library="SeleniumLibrary">
<arg>${SIGNINBUTTON}</arg>
<doc>Click the element identified by ``locator``.</doc>
<msg timestamp="20220904 01:26:42.390" level="INFO">Clicking element 'xpath=//*[@id='__next']/form/div/div[2]/button/span[1]'.</msg>
<status status="PASS" starttime="20220904 01:26:42.390" endtime="20220904 01:26:42.431"/>
</kw>
<status status="PASS" starttime="20220904 01:26:42.390" endtime="20220904 01:26:42.431"/>
</kw>
<kw name="Assert dashboard">
<kw name="Wait Until Element Is Visible" library="SeleniumLibrary">
<arg>${PAGELOGO}</arg>
<doc>Waits until the element ``locator`` is visible.</doc>
<status status="PASS" starttime="20220904 01:26:42.431" endtime="20220904 01:26:42.870"/>
</kw>
<kw name="Title Should Be" library="SeleniumLibrary">
<arg>Scouts panel</arg>
<doc>Verifies that the current page title equals ``title``.</doc>
<msg timestamp="20220904 01:26:42.873" level="INFO">Page title is 'Scouts panel'.</msg>
<status status="PASS" starttime="20220904 01:26:42.870" endtime="20220904 01:26:42.873"/>
</kw>
<kw name="Capture Page Screenshot" library="SeleniumLibrary">
<arg>alert.png</arg>
<doc>Takes a screenshot of the current page and embeds it into a log file.</doc>
<msg timestamp="20220904 01:26:42.990" level="INFO" html="true">&lt;/td&gt;&lt;/tr&gt;&lt;tr&gt;&lt;td colspan="3"&gt;&lt;a href="alert.png"&gt;&lt;img src="alert.png" width="800px"&gt;&lt;/a&gt;</msg>
<status status="PASS" starttime="20220904 01:26:42.873" endtime="20220904 01:26:42.990"/>
</kw>
<status status="PASS" starttime="20220904 01:26:42.431" endtime="20220904 01:26:42.990"/>
</kw>
<kw name="Close Browser" library="SeleniumLibrary" type="TEARDOWN">
<doc>Closes the current browser.</doc>
<status status="PASS" starttime="20220904 01:26:42.990" endtime="20220904 01:26:45.088"/>
</kw>
<status status="PASS" starttime="20220904 01:26:37.926" endtime="20220904 01:26:45.088"/>
</test>
<test id="s1-t2" name="Incorrect Password" line="35">
<kw name="Open login page">
<kw name="Open Browser" library="SeleniumLibrary">
<arg>${LOGIN URL}</arg>
<arg>${BROWSER}</arg>
<doc>Opens a new browser instance to the optional ``url``.</doc>
<msg timestamp="20220904 01:26:45.088" level="INFO">Opening browser 'Chrome' to base url 'https://scouts-test.futbolkolektyw.pl/en'.</msg>
<status status="PASS" starttime="20220904 01:26:45.088" endtime="20220904 01:26:49.919"/>
</kw>
<kw name="Title Should Be" library="SeleniumLibrary">
<arg>Scouts panel - sign in</arg>
<doc>Verifies that the current page title equals ``title``.</doc>
<msg timestamp="20220904 01:26:49.923" level="INFO">Page title is 'Scouts panel - sign in'.</msg>
<status status="PASS" starttime="20220904 01:26:49.919" endtime="20220904 01:26:49.923"/>
</kw>
<status status="PASS" starttime="20220904 01:26:45.088" endtime="20220904 01:26:49.923"/>
</kw>
<kw name="Type in login">
<kw name="Input Text" library="SeleniumLibrary">
<arg>${EMAILINPUT}</arg>
<arg>user07@getnada.com</arg>
<doc>Types the given ``text`` into the text field identified by ``locator``.</doc>
<msg timestamp="20220904 01:26:49.924" level="INFO">Typing text 'user07@getnada.com' into text field 'xpath =//*[@id='login']'.</msg>
<status status="PASS" starttime="20220904 01:26:49.924" endtime="20220904 01:26:50.062"/>
</kw>
<status status="PASS" starttime="20220904 01:26:49.924" endtime="20220904 01:26:50.062"/>
</kw>
<kw name="Type incorrect password">
<kw name="Input Text" library="SeleniumLibrary">
<arg>${PASSWORDINPUT}</arg>
<arg>Test - 123</arg>
<doc>Types the given ``text`` into the text field identified by ``locator``.</doc>
<msg timestamp="20220904 01:26:50.064" level="INFO">Typing text 'Test - 123' into text field 'xpath=//*[@id='password']'.</msg>
<status status="PASS" starttime="20220904 01:26:50.063" endtime="20220904 01:26:50.156"/>
</kw>
<status status="PASS" starttime="20220904 01:26:50.063" endtime="20220904 01:26:50.156"/>
</kw>
<kw name="Click on the Sign in button">
<kw name="Click Element" library="SeleniumLibrary">
<arg>${SIGNINBUTTON}</arg>
<doc>Click the element identified by ``locator``.</doc>
<msg timestamp="20220904 01:26:50.157" level="INFO">Clicking element 'xpath=//*[@id='__next']/form/div/div[2]/button/span[1]'.</msg>
<status status="PASS" starttime="20220904 01:26:50.157" endtime="20220904 01:26:50.193"/>
</kw>
<status status="PASS" starttime="20220904 01:26:50.157" endtime="20220904 01:26:50.194"/>
</kw>
<kw name="Assert incorrect password message">
<kw name="Wait Until Element Is Visible" library="SeleniumLibrary">
<arg>${INCORRECTPASSWORDMESSAGE}</arg>
<doc>Waits until the element ``locator`` is visible.</doc>
<status status="PASS" starttime="20220904 01:26:50.194" endtime="20220904 01:26:50.423"/>
</kw>
<kw name="Element Text Should Be" library="SeleniumLibrary">
<arg>${INCORRECTPASSWORDMESSAGE}</arg>
<arg>Identifier or password invalid.</arg>
<doc>Verifies that element ``locator`` contains exact the text ``expected``.</doc>
<msg timestamp="20220904 01:26:50.424" level="INFO">Verifying element 'xpath=//*[@id="__next"]/form/div/div[1]/div[3]/span' contains exact text 'Identifier or password invalid.'.</msg>
<status status="PASS" starttime="20220904 01:26:50.423" endtime="20220904 01:26:50.441"/>
</kw>
<status status="PASS" starttime="20220904 01:26:50.194" endtime="20220904 01:26:50.442"/>
</kw>
<kw name="Close Browser" library="SeleniumLibrary" type="TEARDOWN">
<doc>Closes the current browser.</doc>
<status status="PASS" starttime="20220904 01:26:50.442" endtime="20220904 01:26:52.548"/>
</kw>
<status status="PASS" starttime="20220904 01:26:45.088" endtime="20220904 01:26:52.548"/>
</test>
<test id="s1-t3" name="Add New Player" line="43">
<kw name="Open login page">
<kw name="Open Browser" library="SeleniumLibrary">
<arg>${LOGIN URL}</arg>
<arg>${BROWSER}</arg>
<doc>Opens a new browser instance to the optional ``url``.</doc>
<msg timestamp="20220904 01:26:52.548" level="INFO">Opening browser 'Chrome' to base url 'https://scouts-test.futbolkolektyw.pl/en'.</msg>
<status status="PASS" starttime="20220904 01:26:52.548" endtime="20220904 01:26:56.963"/>
</kw>
<kw name="Title Should Be" library="SeleniumLibrary">
<arg>Scouts panel - sign in</arg>
<doc>Verifies that the current page title equals ``title``.</doc>
<msg timestamp="20220904 01:26:56.969" level="INFO">Page title is 'Scouts panel - sign in'.</msg>
<status status="PASS" starttime="20220904 01:26:56.963" endtime="20220904 01:26:56.969"/>
</kw>
<status status="PASS" starttime="20220904 01:26:52.548" endtime="20220904 01:26:56.969"/>
</kw>
<kw name="Type in login">
<kw name="Input Text" library="SeleniumLibrary">
<arg>${EMAILINPUT}</arg>
<arg>user07@getnada.com</arg>
<doc>Types the given ``text`` into the text field identified by ``locator``.</doc>
<msg timestamp="20220904 01:26:56.970" level="INFO">Typing text 'user07@getnada.com' into text field 'xpath =//*[@id='login']'.</msg>
<status status="PASS" starttime="20220904 01:26:56.970" endtime="20220904 01:26:57.104"/>
</kw>
<status status="PASS" starttime="20220904 01:26:56.970" endtime="20220904 01:26:57.105"/>
</kw>
<kw name="Type in password">
<kw name="Input Text" library="SeleniumLibrary">
<arg>${PASSWORDINPUT}</arg>
<arg>Test-1234</arg>
<doc>Types the given ``text`` into the text field identified by ``locator``.</doc>
<msg timestamp="20220904 01:26:57.106" level="INFO">Typing text 'Test-1234' into text field 'xpath=//*[@id='password']'.</msg>
<status status="PASS" starttime="20220904 01:26:57.105" endtime="20220904 01:26:57.190"/>
</kw>
<status status="PASS" starttime="20220904 01:26:57.105" endtime="20220904 01:26:57.191"/>
</kw>
<kw name="Click on the Sign in button">
<kw name="Click Element" library="SeleniumLibrary">
<arg>${SIGNINBUTTON}</arg>
<doc>Click the element identified by ``locator``.</doc>
<msg timestamp="20220904 01:26:57.192" level="INFO">Clicking element 'xpath=//*[@id='__next']/form/div/div[2]/button/span[1]'.</msg>
<status status="PASS" starttime="20220904 01:26:57.192" endtime="20220904 01:26:57.231"/>
</kw>
<status status="PASS" starttime="20220904 01:26:57.191" endtime="20220904 01:26:57.231"/>
</kw>
<kw name="Assert dashboard">
<kw name="Wait Until Element Is Visible" library="SeleniumLibrary">
<arg>${PAGELOGO}</arg>
<doc>Waits until the element ``locator`` is visible.</doc>
<status status="PASS" starttime="20220904 01:26:57.232" endtime="20220904 01:26:57.671"/>
</kw>
<kw name="Title Should Be" library="SeleniumLibrary">
<arg>Scouts panel</arg>
<doc>Verifies that the current page title equals ``title``.</doc>
<msg timestamp="20220904 01:26:57.673" level="INFO">Page title is 'Scouts panel'.</msg>
<status status="PASS" starttime="20220904 01:26:57.671" endtime="20220904 01:26:57.673"/>
</kw>
<kw name="Capture Page Screenshot" library="SeleniumLibrary">
<arg>alert.png</arg>
<doc>Takes a screenshot of the current page and embeds it into a log file.</doc>
<msg timestamp="20220904 01:26:57.753" level="INFO" html="true">&lt;/td&gt;&lt;/tr&gt;&lt;tr&gt;&lt;td colspan="3"&gt;&lt;a href="alert.png"&gt;&lt;img src="alert.png" width="800px"&gt;&lt;/a&gt;</msg>
<status status="PASS" starttime="20220904 01:26:57.673" endtime="20220904 01:26:57.753"/>
</kw>
<status status="PASS" starttime="20220904 01:26:57.232" endtime="20220904 01:26:57.753"/>
</kw>
<kw name="Click on Add Player">
<kw name="Click Element" library="SeleniumLibrary">
<arg>${ADDPLAYER}</arg>
<doc>Click the element identified by ``locator``.</doc>
<msg timestamp="20220904 01:26:57.755" level="INFO">Clicking element 'xpath=//*[@id="__next"]/div[1]/main/div[3]/div[2]/div/div/a/button/span[1]'.</msg>
<status status="PASS" starttime="20220904 01:26:57.754" endtime="20220904 01:26:57.797"/>
</kw>
<status status="PASS" starttime="20220904 01:26:57.754" endtime="20220904 01:26:57.797"/>
</kw>
<kw name="Type in name">
<kw name="Input Text" library="SeleniumLibrary">
<arg>${PLAYERNAME}</arg>
<arg>Zinedin</arg>
<doc>Types the given ``text`` into the text field identified by ``locator``.</doc>
<msg timestamp="20220904 01:26:57.798" level="INFO">Typing text 'Zinedin' into text field 'xpath=//input[@name='name']'.</msg>
<status status="PASS" starttime="20220904 01:26:57.798" endtime="20220904 01:26:57.952"/>
</kw>
<status status="PASS" starttime="20220904 01:26:57.798" endtime="20220904 01:26:57.952"/>
</kw>
<kw name="Type in surname">
<kw name="Input Text" library="SeleniumLibrary">
<arg>${PLAYERSURNAME}</arg>
<arg>Zidan</arg>
<doc>Types the given ``text`` into the text field identified by ``locator``.</doc>
<msg timestamp="20220904 01:26:57.953" level="INFO">Typing text 'Zidan' into text field 'xpath=//input[@name='surname']'.</msg>
<status status="PASS" starttime="20220904 01:26:57.953" endtime="20220904 01:26:58.033"/>
</kw>
<status status="PASS" starttime="20220904 01:26:57.953" endtime="20220904 01:26:58.033"/>
</kw>
<kw name="Select age">
<kw name="Input Text" library="SeleniumLibrary">
<arg>${PLAYERAGE}</arg>
<arg>23/06/1972</arg>
<doc>Types the given ``text`` into the text field identified by ``locator``.</doc>
<msg timestamp="20220904 01:26:58.034" level="INFO">Typing text '23/06/1972' into text field 'xpath=//input[@name='age']'.</msg>
<status status="PASS" starttime="20220904 01:26:58.033" endtime="20220904 01:26:58.110"/>
</kw>
<status status="PASS" starttime="20220904 01:26:58.033" endtime="20220904 01:26:58.111"/>
</kw>
<kw name="Select right leg">
<kw name="Click Element" library="SeleniumLibrary">
<arg>${PLAYERLEG}</arg>
<doc>Click the element identified by ``locator``.</doc>
<msg timestamp="20220904 01:26:58.112" level="INFO">Clicking element 'xpath=//*[@id='mui-component-select-leg']'.</msg>
<status status="PASS" starttime="20220904 01:26:58.112" endtime="20220904 01:26:58.170"/>
</kw>
<kw name="Click Element" library="SeleniumLibrary">
<arg>${PLAYERRIGHTLEG}</arg>
<doc>Click the element identified by ``locator``.</doc>
<msg timestamp="20220904 01:26:58.170" level="INFO">Clicking element 'xpath=//li[@data-value='right']'.</msg>
<status status="PASS" starttime="20220904 01:26:58.170" endtime="20220904 01:26:58.218"/>
</kw>
<status status="PASS" starttime="20220904 01:26:58.112" endtime="20220904 01:26:58.218"/>
</kw>
<kw name="Type in main position">
<kw name="Input Text" library="SeleniumLibrary">
<arg>${PLAYERMAINPOSITION}</arg>
<arg>Midfielder</arg>
<doc>Types the given ``text`` into the text field identified by ``locator``.</doc>
<msg timestamp="20220904 01:26:58.219" level="INFO">Typing text 'Midfielder' into text field 'xpath=//input[@name='mainPosition']'.</msg>
<status status="PASS" starttime="20220904 01:26:58.219" endtime="20220904 01:26:58.320"/>
</kw>
<status status="PASS" starttime="20220904 01:26:58.219" endtime="20220904 01:26:58.320"/>
</kw>
<kw name="Click on the Clear button">
<kw name="Click Element" library="SeleniumLibrary">
<arg>${CLEARALL}</arg>
<doc>Click the element identified by ``locator``.</doc>
<msg timestamp="20220904 01:26:58.321" level="INFO">Clicking element 'xpath=//*[@id="__next"]/div[1]/main/div[2]/form/div[3]/button[2]/span[1]'.</msg>
<status status="PASS" starttime="20220904 01:26:58.321" endtime="20220904 01:26:58.507"/>
</kw>
<status status="PASS" starttime="20220904 01:26:58.320" endtime="20220904 01:26:58.507"/>
</kw>
<kw name="Close Browser" library="SeleniumLibrary" type="TEARDOWN">
<doc>Closes the current browser.</doc>
<status status="PASS" starttime="20220904 01:26:58.508" endtime="20220904 01:27:00.597"/>
</kw>
<status status="PASS" starttime="20220904 01:26:52.548" endtime="20220904 01:27:00.597"/>
</test>
<test id="s1-t4" name="Switch Languages" line="58">
<kw name="Open login page">
<kw name="Open Browser" library="SeleniumLibrary">
<arg>${LOGIN URL}</arg>
<arg>${BROWSER}</arg>
<doc>Opens a new browser instance to the optional ``url``.</doc>
<msg timestamp="20220904 01:27:00.597" level="INFO">Opening browser 'Chrome' to base url 'https://scouts-test.futbolkolektyw.pl/en'.</msg>
<status status="PASS" starttime="20220904 01:27:00.597" endtime="20220904 01:27:05.037"/>
</kw>
<kw name="Title Should Be" library="SeleniumLibrary">
<arg>Scouts panel - sign in</arg>
<doc>Verifies that the current page title equals ``title``.</doc>
<msg timestamp="20220904 01:27:05.043" level="INFO">Page title is 'Scouts panel - sign in'.</msg>
<status status="PASS" starttime="20220904 01:27:05.038" endtime="20220904 01:27:05.044"/>
</kw>
<status status="PASS" starttime="20220904 01:27:00.597" endtime="20220904 01:27:05.044"/>
</kw>
<kw name="Click on the language button">
<kw name="Click Element" library="SeleniumLibrary">
<arg>${LANGUAGEBUTTON}</arg>
<doc>Click the element identified by ``locator``.</doc>
<msg timestamp="20220904 01:27:05.044" level="INFO">Clicking element 'xpath=// *[ @ id = "__next"] / form / div / div[2] / div / div'.</msg>
<status status="PASS" starttime="20220904 01:27:05.044" endtime="20220904 01:27:05.092"/>
</kw>
<status status="PASS" starttime="20220904 01:27:05.044" endtime="20220904 01:27:05.092"/>
</kw>
<kw name="Close Browser" library="SeleniumLibrary" type="TEARDOWN">
<doc>Closes the current browser.</doc>
<status status="PASS" starttime="20220904 01:27:05.093" endtime="20220904 01:27:07.188"/>
</kw>
<status status="PASS" starttime="20220904 01:27:00.597" endtime="20220904 01:27:07.188"/>
</test>
<test id="s1-t5" name="Displaing Information" line="63">
<kw name="Open login page">
<kw name="Open Browser" library="SeleniumLibrary">
<arg>${LOGIN URL}</arg>
<arg>${BROWSER}</arg>
<doc>Opens a new browser instance to the optional ``url``.</doc>
<msg timestamp="20220904 01:27:07.188" level="INFO">Opening browser 'Chrome' to base url 'https://scouts-test.futbolkolektyw.pl/en'.</msg>
<status status="PASS" starttime="20220904 01:27:07.188" endtime="20220904 01:27:11.586"/>
</kw>
<kw name="Title Should Be" library="SeleniumLibrary">
<arg>Scouts panel - sign in</arg>
<doc>Verifies that the current page title equals ``title``.</doc>
<msg timestamp="20220904 01:27:11.593" level="INFO">Page title is 'Scouts panel - sign in'.</msg>
<status status="PASS" starttime="20220904 01:27:11.586" endtime="20220904 01:27:11.593"/>
</kw>
<status status="PASS" starttime="20220904 01:27:07.188" endtime="20220904 01:27:11.594"/>
</kw>
<kw name="Type in login">
<kw name="Input Text" library="SeleniumLibrary">
<arg>${EMAILINPUT}</arg>
<arg>user07@getnada.com</arg>
<doc>Types the given ``text`` into the text field identified by ``locator``.</doc>
<msg timestamp="20220904 01:27:11.595" level="INFO">Typing text 'user07@getnada.com' into text field 'xpath =//*[@id='login']'.</msg>
<status status="PASS" starttime="20220904 01:27:11.595" endtime="20220904 01:27:11.781"/>
</kw>
<status status="PASS" starttime="20220904 01:27:11.594" endtime="20220904 01:27:11.782"/>
</kw>
<kw name="Type in password">
<kw name="Input Text" library="SeleniumLibrary">
<arg>${PASSWORDINPUT}</arg>
<arg>Test-1234</arg>
<doc>Types the given ``text`` into the text field identified by ``locator``.</doc>
<msg timestamp="20220904 01:27:11.782" level="INFO">Typing text 'Test-1234' into text field 'xpath=//*[@id='password']'.</msg>
<status status="PASS" starttime="20220904 01:27:11.782" endtime="20220904 01:27:11.868"/>
</kw>
<status status="PASS" starttime="20220904 01:27:11.782" endtime="20220904 01:27:11.868"/>
</kw>
<kw name="Click on the Sign in button">
<kw name="Click Element" library="SeleniumLibrary">
<arg>${SIGNINBUTTON}</arg>
<doc>Click the element identified by ``locator``.</doc>
<msg timestamp="20220904 01:27:11.869" level="INFO">Clicking element 'xpath=//*[@id='__next']/form/div/div[2]/button/span[1]'.</msg>
<status status="PASS" starttime="20220904 01:27:11.869" endtime="20220904 01:27:11.911"/>
</kw>
<status status="PASS" starttime="20220904 01:27:11.869" endtime="20220904 01:27:11.911"/>
</kw>
<kw name="Assert dashboard">
<kw name="Wait Until Element Is Visible" library="SeleniumLibrary">
<arg>${PAGELOGO}</arg>
<doc>Waits until the element ``locator`` is visible.</doc>
<status status="PASS" starttime="20220904 01:27:11.911" endtime="20220904 01:27:12.360"/>
</kw>
<kw name="Title Should Be" library="SeleniumLibrary">
<arg>Scouts panel</arg>
<doc>Verifies that the current page title equals ``title``.</doc>
<msg timestamp="20220904 01:27:12.363" level="INFO">Page title is 'Scouts panel'.</msg>
<status status="PASS" starttime="20220904 01:27:12.360" endtime="20220904 01:27:12.363"/>
</kw>
<kw name="Capture Page Screenshot" library="SeleniumLibrary">
<arg>alert.png</arg>
<doc>Takes a screenshot of the current page and embeds it into a log file.</doc>
<msg timestamp="20220904 01:27:12.455" level="INFO" html="true">&lt;/td&gt;&lt;/tr&gt;&lt;tr&gt;&lt;td colspan="3"&gt;&lt;a href="alert.png"&gt;&lt;img src="alert.png" width="800px"&gt;&lt;/a&gt;</msg>
<status status="PASS" starttime="20220904 01:27:12.364" endtime="20220904 01:27:12.455"/>
</kw>
<status status="PASS" starttime="20220904 01:27:11.911" endtime="20220904 01:27:12.455"/>
</kw>
<kw name="Click on the players count element">
<kw name="Click Element" library="SeleniumLibrary">
<arg>${PLAYERSCOUNTELEMENT}</arg>
<doc>Click the element identified by ``locator``.</doc>
<msg timestamp="20220904 01:27:12.456" level="INFO">Clicking element 'xpath =// *[ @ id = "__next"] / div[1] / main / div[2] / div[1] / div / div[1]'.</msg>
<status status="PASS" starttime="20220904 01:27:12.456" endtime="20220904 01:27:12.476"/>
</kw>
<status status="PASS" starttime="20220904 01:27:12.456" endtime="20220904 01:27:12.476"/>
</kw>
<kw name="Close Browser" library="SeleniumLibrary" type="TEARDOWN">
<doc>Closes the current browser.</doc>
<status status="PASS" starttime="20220904 01:27:12.491" endtime="20220904 01:27:14.578"/>
</kw>
<status status="PASS" starttime="20220904 01:27:07.188" endtime="20220904 01:27:14.578"/>
</test>
<doc>Suite description</doc>
<status status="PASS" starttime="20220904 01:26:37.770" endtime="20220904 01:27:14.578"/>
</suite>
<statistics>
<total>
<stat pass="5" fail="0" skip="0">All Tests</stat>
</total>
<tag>
</tag>
<suite>
<stat pass="5" fail="0" skip="0" id="s1" name="Test Login Rf">Test Login Rf</stat>
</suite>
</statistics>
<errors>
<msg timestamp="20220904 01:26:37.770" level="ERROR">Error in file 'C:\Users\Ros\Documents\GitHub\Ros_robotframework\test_login_rf.robot' on line 109: Creating keyword 'Click on the Submit button' failed: Keyword with same name defined multiple times.</msg>
</errors>
</robot>
